Traceback (most recent call last):
  File "/home/mgonggri/master_thesis/train.py", line 170, in <module>
    model.train_fn(
  File "/gpfs/home1/mgonggri/master_thesis/hesp/models/segmenter.py", line 225, in train_fn
    self.forward()
  File "/gpfs/home1/mgonggri/master_thesis/hesp/models/segmenter.py", line 136, in forward
    normalized = self.MSNN_new(embs) 
  File "/gpfs/home1/mgonggri/master_thesis/hesp/models/segmenter.py", line 118, in MSNN_new
    sample_maxes[i] = torch.amax(norms[start : end], dim=0)
IndexError: amax(): Expected reduction dim 0 to have non-zero size.
srun: error: gcn7: task 0: Exited with exit code 1
srun: launch/slurm: _step_signal: Terminating StepId=3033482.0

JOB STATISTICS
==============
Job ID: 3033482
Cluster: snellius
User/Group: mgonggri/mgonggri
State: COMPLETED (exit code 0)
Nodes: 1
Cores per node: 18
CPU Utilized: 00:33:19
CPU Efficiency: 21.95% of 02:31:48 core-walltime
Job Wall-clock time: 00:08:26
Memory Utilized: 48.83 GB
Memory Efficiency: 0.00% of 0.00 MB
