/home/mgonggri/.local/lib/python3.10/site-packages/torchmetrics/utilities/prints.py:36: UserWarning: The ``compute`` method of metric MulticlassAccuracy was called before the ``update`` method which may lead to errors, as metric states have not yet been updated.
  warnings.warn(*args, **kwargs)
/home/mgonggri/.local/lib/python3.10/site-packages/torchmetrics/utilities/prints.py:36: UserWarning: The ``compute`` method of metric MulticlassJaccardIndex was called before the ``update`` method which may lead to errors, as metric states have not yet been updated.
  warnings.warn(*args, **kwargs)
slurmstepd: error: *** JOB 3103605 ON gcn6 CANCELLED AT 2023-07-21T08:34:38 DUE TO TIME LIMIT ***
slurmstepd: error: *** STEP 3103605.0 ON gcn6 CANCELLED AT 2023-07-21T08:34:38 DUE TO TIME LIMIT ***
srun: Job step aborted: Waiting up to 32 seconds for job step to finish.
slurmstepd: error: container_p_join: setns failed for /slurm/3103605/.ns: Invalid argument
slurmstepd: error: container_g_join(3103605): Invalid argument

JOB STATISTICS
==============
Job ID: 3103605
Cluster: snellius
User/Group: mgonggri/mgonggri
State: TIMEOUT (exit code 0)
Nodes: 1
Cores per node: 18
CPU Utilized: 1-03:14:41
CPU Efficiency: 10.09% of 11-06:01:48 core-walltime
Job Wall-clock time: 15:00:06
Memory Utilized: 48.66 GB
Memory Efficiency: 40.55% of 120.00 GB
